<?xml version="1.0" encoding="UTF-8"?>
<!-- Generated by org.testng.reporters.JUnitReportReporter -->
<testsuite hostname="TejaswiniArun" failures="0" tests="4" name="TejaswiniFrameworkcompany.Submitorder" time="152.941" errors="0" timestamp="2024-08-21T19:16:12 SAST" skipped="0">
  <testcase classname="TejaswiniFrameworkcompany.Submitorder" name="verifyOrders" time="32.023"/>
  <testcase classname="TejaswiniFrameworkcompany.Submitorder" name="submitOrder" time="55.233"/>
  <testcase classname="TejaswiniFrameworkcompany.Submitorder" name="verifyOrders" time="26.556"/>
  <testcase classname="TejaswiniFrameworkcompany.Submitorder" name="submitOrder" time="39.129"/>
</testsuite> <!-- TejaswiniFrameworkcompany.Submitorder -->
