<?xml version="1.0" encoding="UTF-8"?>
<!-- Generated by org.testng.reporters.JUnitReportReporter -->
<testsuite hostname="TejaswiniArun" failures="0" tests="1" name="TejaswiniFrameworkcompany.Multipleitemstocart" time="59.131" errors="0" timestamp="2024-08-08T19:17:29 SAST" skipped="0">
  <testcase classname="TejaswiniFrameworkcompany.Multipleitemstocart" name="submitOrder" time="59.131"/>
</testsuite> <!-- TejaswiniFrameworkcompany.Multipleitemstocart -->
