<?xml version="1.0" encoding="UTF-8"?>
<!-- Generated by org.testng.reporters.JUnitReportReporter -->
<testsuite hostname="TejaswiniArun" failures="0" tests="4" name="TejaswiniFrameworkcompany.Submitorder" time="87.409" errors="0" timestamp="2024-08-23T16:52:13 SAST" skipped="0">
  <testcase classname="TejaswiniFrameworkcompany.Submitorder" name="verifyOrders" time="10.372"/>
  <testcase classname="TejaswiniFrameworkcompany.Submitorder" name="verifyOrders" time="17.897"/>
  <testcase classname="TejaswiniFrameworkcompany.Submitorder" name="submitOrder" time="29.555"/>
  <testcase classname="TejaswiniFrameworkcompany.Submitorder" name="submitOrder" time="29.585"/>
</testsuite> <!-- TejaswiniFrameworkcompany.Submitorder -->
