<?xml version="1.0" encoding="UTF-8"?>
<!-- Generated by org.testng.reporters.JUnitReportReporter -->
<testsuite hostname="TejaswiniArun" failures="0" tests="1" name="TejaswiniFrameworkcompany.ErrorValidations" time="19.020" errors="0" timestamp="2024-08-23T16:52:13 SAST" skipped="0">
  <testcase classname="TejaswiniFrameworkcompany.ErrorValidations" name="ErrorMessage" time="19.020"/>
</testsuite> <!-- TejaswiniFrameworkcompany.ErrorValidations -->
